{"level":"info","message":"[setup] Teste de configuração executado.","service":"user-service","timestamp":"2022-07-15T23:01:49.953Z"}
{"level":"info","message":"[setup] API em execução.","service":"user-service","timestamp":"2022-07-15T23:03:07.507Z"}
{"level":"warn","message":"[setup] Conexão Recusada: Porta em Uso.","service":"user-service","timestamp":"2022-07-15T23:03:56.681Z"}
{"level":"info","message":"[setup] API em execução.","service":"user-service","timestamp":"2022-07-15T23:05:00.840Z"}
{"level":"error","message":"[setup] Conexão Recusada:TypeError: logger_1.default.warning is not a function","service":"user-service","timestamp":"2022-07-15T23:05:10.106Z"}
{"level":"info","message":"[setup] API em execução.","service":"user-service","timestamp":"2022-07-15T23:06:25.525Z"}
{"level":"error","message":"[setup] Conexão Recusada:TypeError: logger_1.default.warning is not a function","service":"user-service","timestamp":"2022-07-15T23:06:30.058Z"}
{"level":"info","message":"[setup] API em execução.","service":"user-service","timestamp":"2022-07-15T23:07:03.110Z"}
{"level":"warn","message":"[setup] Conexão Recusada: Porta em Uso.","service":"user-service","timestamp":"2022-07-15T23:07:07.378Z"}
{"level":"info","message":"[setup] API em execução.","service":"user-service","timestamp":"2022-07-15T23:28:38.599Z"}
{"level":"info","message":"[setup] Teste de configuração executado.","service":"user-service","timestamp":"2022-07-15T23:28:49.841Z"}
{"level":"info","message":"[setup] API em execução.","service":"user-service","timestamp":"2022-07-15T23:30:39.773Z"}
{"level":"warn","message":"[setup] Conexão Recusada: Porta em Uso.","service":"user-service","timestamp":"2022-07-15T23:31:28.309Z"}
{"level":"info","message":"[setup] API em execução.","service":"user-service","timestamp":"2022-07-15T23:32:42.841Z"}
{"level":"error","message":"[setup] Conexão Recusada:TypeError: logger_1.default.warning is not a function","service":"user-service","timestamp":"2022-07-15T23:32:53.149Z"}
{"level":"error","message":"[createConnection] Conexão Recusada:TypeError [ERR_INVALID_URL]: Invalid URL","service":"user-service","timestamp":"2022-07-19T20:57:12.395Z"}
{"level":"info","message":"[setup] API em execução.","service":"user-service","timestamp":"2022-07-19T20:57:12.427Z"}
{"level":"info","message":"[createConnection] Conexão com o banco de dados realizada.","service":"user-service","timestamp":"2022-07-19T20:57:57.637Z"}
{"level":"info","message":"[setup] API em execução.","service":"user-service","timestamp":"2022-07-19T20:57:57.657Z"}
{"level":"info","message":"[createConnection] Conexão com o banco de dados realizada.","service":"user-service","timestamp":"2022-07-21T22:24:27.738Z"}
{"level":"info","message":"[setup] API em execução.","service":"user-service","timestamp":"2022-07-21T22:24:27.761Z"}
{"level":"info","message":"[createConnection] Conexão com o banco de dados realizada.","service":"user-service","timestamp":"2022-07-21T22:42:31.660Z"}
{"level":"info","message":"[setup] API em execução.","service":"user-service","timestamp":"2022-07-21T22:42:31.697Z"}
{"level":"info","message":"[createConnection] Conexão com o banco de dados realizada.","service":"user-service","timestamp":"2022-07-21T23:32:06.411Z"}
{"level":"info","message":"[setup] API em execução.","service":"user-service","timestamp":"2022-07-21T23:32:06.436Z"}
{"level":"info","message":"[createConnection] Conexão com o banco de dados realizada.","service":"user-service","timestamp":"2022-07-22T00:32:07.571Z"}
{"level":"info","message":"[setup] API em execução.","service":"user-service","timestamp":"2022-07-22T00:32:07.590Z"}
